<?xml version="1.0" encoding="UTF-8"?>
<!-- Generated by org.testng.reporters.JUnitReportReporter -->
<testsuite hostname="ANUGRAHA" failures="0" tests="2" name="qaclickacademy.Mavenjava.SeleniumTest" time="0.005" errors="0" timestamp="2022-02-28T22:21:16 IST" skipped="0">
  <testcase classname="qaclickacademy.Mavenjava.SeleniumTest" name="elementUI" time="0.003"/>
  <system-out/>
  <testcase classname="qaclickacademy.Mavenjava.SeleniumTest" name="browserAutomation" time="0.002"/>
  <system-out/>
</testsuite> <!-- qaclickacademy.Mavenjava.SeleniumTest -->
