<?xml version="1.0" encoding="UTF-8"?>
<!-- Generated by org.testng.reporters.JUnitReportReporter -->
<testsuite hostname="ANUGRAHA" failures="0" tests="2" name="qaclickacademy.Mavenjava.RestAPITest" time="0.015" errors="0" timestamp="2022-02-28T22:21:16 IST" skipped="0">
  <testcase classname="qaclickacademy.Mavenjava.RestAPITest" name="removeTwitter" time="0.002"/>
  <system-out/>
  <testcase classname="qaclickacademy.Mavenjava.RestAPITest" name="postJIRA" time="0.013"/>
  <system-out/>
</testsuite> <!-- qaclickacademy.Mavenjava.RestAPITest -->
