<?xml version="1.0" encoding="UTF-8"?>
<!-- Generated by org.testng.reporters.JUnitReportReporter -->
<testsuite hostname="ANUGRAHA" failures="0" tests="2" name="qaclickacademy.Mavenjava.RestAPITest" time="0.008" errors="0" timestamp="2022-02-28T22:24:39 IST" skipped="0">
  <testcase classname="qaclickacademy.Mavenjava.RestAPITest" name="removeTwitter" time="0.001"/>
  <system-out/>
  <testcase classname="qaclickacademy.Mavenjava.RestAPITest" name="postJIRA" time="0.007"/>
  <system-out/>
</testsuite> <!-- qaclickacademy.Mavenjava.RestAPITest -->
